<<<<<<< HEAD
000 (457529.000.000) 10/21 12:20:48 Job submitted from host: <129.93.239.166:9618?addrs=129.93.239.166-9618+[2600-900-6-1101-290-faff-feb8-f318]-9618&noUDP&sock=3702_9271_3>
...
001 (457529.000.000) 10/21 12:21:12 Job executing on host: <129.93.182.234:9618?addrs=129.93.182.234-9618+[2600-900-6-1102-d267-e5ff-fef9-1c59]-9618&alias=red-c1911.unl.edu&noUDP&sock=startd_31162_1e58_3>
...
006 (457529.000.000) 10/21 12:21:21 Image size of job updated: 85952
	84  -  MemoryUsage of job (MB)
	85952  -  ResidentSetSize of job (KB)
	87922  -  ProportionalSetSize of job (KB)
...
005 (457529.000.000) 10/21 12:21:53 Job terminated.
	(1) Normal termination (return value 0)
		Usr 0 00:00:06, Sys 0 00:00:01  -  Run Remote Usage
		Usr 0 00:00:00, Sys 0 00:00:00  -  Run Local Usage
		Usr 0 00:00:06, Sys 0 00:00:01  -  Total Remote Usage
		Usr 0 00:00:00, Sys 0 00:00:00  -  Total Local Usage
	6206  -  Run Bytes Sent By Job
	148574  -  Run Bytes Received By Job
	6206  -  Total Bytes Sent By Job
=======
000 (457464.000.000) 10/21 10:57:31 Job submitted from host: <129.93.239.166:9618?addrs=129.93.239.166-9618+[2600-900-6-1101-290-faff-feb8-f318]-9618&noUDP&sock=3702_9271_3>
...
001 (457464.000.000) 10/21 10:57:54 Job executing on host: <129.93.182.234:9618?addrs=129.93.182.234-9618+[2600-900-6-1102-d267-e5ff-fef9-1c59]-9618&alias=red-c1911.unl.edu&noUDP&sock=startd_31162_1e58_3>
...
006 (457464.000.000) 10/21 10:58:03 Image size of job updated: 86096
	85  -  MemoryUsage of job (MB)
	86096  -  ResidentSetSize of job (KB)
	90208  -  ProportionalSetSize of job (KB)
...
006 (457464.000.000) 10/21 10:58:35 Image size of job updated: 659656
	85  -  MemoryUsage of job (MB)
	86096  -  ResidentSetSize of job (KB)
	90208  -  ProportionalSetSize of job (KB)
...
005 (457464.000.000) 10/21 10:58:40 Job terminated.
	(1) Normal termination (return value 0)
		Usr 0 00:00:05, Sys 0 00:00:01  -  Run Remote Usage
		Usr 0 00:00:00, Sys 0 00:00:00  -  Run Local Usage
		Usr 0 00:00:05, Sys 0 00:00:01  -  Total Remote Usage
		Usr 0 00:00:00, Sys 0 00:00:00  -  Total Local Usage
	6176  -  Run Bytes Sent By Job
	148574  -  Run Bytes Received By Job
	6176  -  Total Bytes Sent By Job
>>>>>>> 149523c2441e605d5ec26688ec85c752926eb8d0
	148574  -  Total Bytes Received By Job
	Partitionable Resources :    Usage  Request Allocated
	   Cpus                 :                 1         1
	   Disk (KB)            :      214      150  11341492
<<<<<<< HEAD
	   Memory (MB)          :       84     1000      4006
=======
	   Memory (MB)          :       85     1000      4006
>>>>>>> 149523c2441e605d5ec26688ec85c752926eb8d0
...
