<<<<<<< HEAD
000 (457565.000.000) 10/21 12:20:54 Job submitted from host: <129.93.239.166:9618?addrs=129.93.239.166-9618+[2600-900-6-1101-290-faff-feb8-f318]-9618&noUDP&sock=3702_9271_3>
...
001 (457565.000.000) 10/21 12:21:25 Job executing on host: <129.93.182.234:9618?addrs=129.93.182.234-9618+[2600-900-6-1102-d267-e5ff-fef9-1c59]-9618&alias=red-c1911.unl.edu&noUDP&sock=startd_31162_1e58_3>
...
006 (457565.000.000) 10/21 12:21:34 Image size of job updated: 86104
	85  -  MemoryUsage of job (MB)
	86104  -  ResidentSetSize of job (KB)
	87474  -  ProportionalSetSize of job (KB)
...
006 (457565.000.000) 10/21 12:22:04 Image size of job updated: 86108
	85  -  MemoryUsage of job (MB)
	86104  -  ResidentSetSize of job (KB)
	87474  -  ProportionalSetSize of job (KB)
...
005 (457565.000.000) 10/21 12:22:07 Job terminated.
=======
000 (457500.000.000) 10/21 10:58:07 Job submitted from host: <129.93.239.166:9618?addrs=129.93.239.166-9618+[2600-900-6-1101-290-faff-feb8-f318]-9618&noUDP&sock=3702_9271_3>
...
001 (457500.000.000) 10/21 10:58:19 Job executing on host: <129.93.182.234:9618?addrs=129.93.182.234-9618+[2600-900-6-1102-d267-e5ff-fef9-1c59]-9618&alias=red-c1911.unl.edu&noUDP&sock=startd_31162_1e58_3>
...
006 (457500.000.000) 10/21 10:58:28 Image size of job updated: 43472
	43  -  MemoryUsage of job (MB)
	43472  -  ResidentSetSize of job (KB)
	44035  -  ProportionalSetSize of job (KB)
...
006 (457500.000.000) 10/21 10:59:40 Image size of job updated: 87144
	43  -  MemoryUsage of job (MB)
	43472  -  ResidentSetSize of job (KB)
	44035  -  ProportionalSetSize of job (KB)
...
005 (457500.000.000) 10/21 10:59:41 Job terminated.
>>>>>>> 149523c2441e605d5ec26688ec85c752926eb8d0
	(1) Normal termination (return value 0)
		Usr 0 00:00:05, Sys 0 00:00:01  -  Run Remote Usage
		Usr 0 00:00:00, Sys 0 00:00:00  -  Run Local Usage
		Usr 0 00:00:05, Sys 0 00:00:01  -  Total Remote Usage
		Usr 0 00:00:00, Sys 0 00:00:00  -  Total Local Usage
<<<<<<< HEAD
	6205  -  Run Bytes Sent By Job
	148574  -  Run Bytes Received By Job
	6205  -  Total Bytes Sent By Job
	148574  -  Total Bytes Received By Job
	Partitionable Resources :    Usage  Request Allocated
	   Cpus                 :                 1         1
	   Disk (KB)            :      214      150  11341492
	   Memory (MB)          :       85     1000      4006
=======
	6175  -  Run Bytes Sent By Job
	148574  -  Run Bytes Received By Job
	6175  -  Total Bytes Sent By Job
	148574  -  Total Bytes Received By Job
	Partitionable Resources :    Usage  Request Allocated
	   Cpus                 :                 1         1
	   Disk (KB)            :      213      150  11341492
	   Memory (MB)          :       43     1000      4006
>>>>>>> 149523c2441e605d5ec26688ec85c752926eb8d0
...
