<<<<<<< HEAD
000 (457569.000.000) 10/21 12:20:54 Job submitted from host: <129.93.239.166:9618?addrs=129.93.239.166-9618+[2600-900-6-1101-290-faff-feb8-f318]-9618&noUDP&sock=3702_9271_3>
...
001 (457569.000.000) 10/21 12:21:32 Job executing on host: <129.93.182.234:9618?addrs=129.93.182.234-9618+[2600-900-6-1102-d267-e5ff-fef9-1c59]-9618&alias=red-c1911.unl.edu&noUDP&sock=startd_31162_1e58_3>
...
006 (457569.000.000) 10/21 12:21:41 Image size of job updated: 85904
	84  -  MemoryUsage of job (MB)
	85904  -  ResidentSetSize of job (KB)
	88202  -  ProportionalSetSize of job (KB)
...
006 (457569.000.000) 10/21 12:22:11 Image size of job updated: 86216
	84  -  MemoryUsage of job (MB)
	85904  -  ResidentSetSize of job (KB)
	88202  -  ProportionalSetSize of job (KB)
...
005 (457569.000.000) 10/21 12:22:12 Job terminated.
=======
000 (457504.000.000) 10/21 10:58:10 Job submitted from host: <129.93.239.166:9618?addrs=129.93.239.166-9618+[2600-900-6-1101-290-faff-feb8-f318]-9618&noUDP&sock=3702_9271_3>
...
001 (457504.000.000) 10/21 10:58:38 Job executing on host: <129.93.182.234:9618?addrs=129.93.182.234-9618+[2600-900-6-1102-d267-e5ff-fef9-1c59]-9618&alias=red-c1911.unl.edu&noUDP&sock=startd_31162_1e58_3>
...
006 (457504.000.000) 10/21 10:58:47 Image size of job updated: 86408
	85  -  MemoryUsage of job (MB)
	86276  -  ResidentSetSize of job (KB)
	87813  -  ProportionalSetSize of job (KB)
...
005 (457504.000.000) 10/21 10:59:15 Job terminated.
>>>>>>> 149523c2441e605d5ec26688ec85c752926eb8d0
	(1) Normal termination (return value 0)
		Usr 0 00:00:05, Sys 0 00:00:01  -  Run Remote Usage
		Usr 0 00:00:00, Sys 0 00:00:00  -  Run Local Usage
		Usr 0 00:00:05, Sys 0 00:00:01  -  Total Remote Usage
		Usr 0 00:00:00, Sys 0 00:00:00  -  Total Local Usage
<<<<<<< HEAD
	6206  -  Run Bytes Sent By Job
	148574  -  Run Bytes Received By Job
	6206  -  Total Bytes Sent By Job
	148574  -  Total Bytes Received By Job
	Partitionable Resources :    Usage  Request Allocated
	   Cpus                 :                 1         1
	   Disk (KB)            :      214      150  11341492
	   Memory (MB)          :       84     1000      4006
=======
	6176  -  Run Bytes Sent By Job
	148574  -  Run Bytes Received By Job
	6176  -  Total Bytes Sent By Job
	148574  -  Total Bytes Received By Job
	Partitionable Resources :    Usage  Request Allocated
	   Cpus                 :                 1         1
	   Disk (KB)            :      213      150  11341492
	   Memory (MB)          :       85     1000      4006
>>>>>>> 149523c2441e605d5ec26688ec85c752926eb8d0
...
