<<<<<<< HEAD
000 (457573.000.000) 10/21 12:20:55 Job submitted from host: <129.93.239.166:9618?addrs=129.93.239.166-9618+[2600-900-6-1101-290-faff-feb8-f318]-9618&noUDP&sock=3702_9271_3>
...
001 (457573.000.000) 10/21 12:21:55 Job executing on host: <129.93.182.234:9618?addrs=129.93.182.234-9618+[2600-900-6-1102-d267-e5ff-fef9-1c59]-9618&alias=red-c1911.unl.edu&noUDP&sock=startd_31162_1e58_3>
...
006 (457573.000.000) 10/21 12:22:04 Image size of job updated: 88792
	87  -  MemoryUsage of job (MB)
	88792  -  ResidentSetSize of job (KB)
	89919  -  ProportionalSetSize of job (KB)
...
005 (457573.000.000) 10/21 12:22:32 Job terminated.
=======
000 (457508.000.000) 10/21 10:58:14 Job submitted from host: <129.93.239.166:9618?addrs=129.93.239.166-9618+[2600-900-6-1101-290-faff-feb8-f318]-9618&noUDP&sock=3702_9271_3>
...
001 (457508.000.000) 10/21 10:58:41 Job executing on host: <129.93.182.234:9618?addrs=129.93.182.234-9618+[2600-900-6-1102-d267-e5ff-fef9-1c59]-9618&alias=red-c1911.unl.edu&noUDP&sock=startd_31162_1e58_3>
...
006 (457508.000.000) 10/21 10:58:49 Image size of job updated: 88628
	85  -  MemoryUsage of job (MB)
	86516  -  ResidentSetSize of job (KB)
	98955  -  ProportionalSetSize of job (KB)
...
005 (457508.000.000) 10/21 10:59:18 Job terminated.
>>>>>>> 149523c2441e605d5ec26688ec85c752926eb8d0
	(1) Normal termination (return value 0)
		Usr 0 00:00:05, Sys 0 00:00:01  -  Run Remote Usage
		Usr 0 00:00:00, Sys 0 00:00:00  -  Run Local Usage
		Usr 0 00:00:05, Sys 0 00:00:01  -  Total Remote Usage
		Usr 0 00:00:00, Sys 0 00:00:00  -  Total Local Usage
<<<<<<< HEAD
	6206  -  Run Bytes Sent By Job
	148574  -  Run Bytes Received By Job
	6206  -  Total Bytes Sent By Job
=======
	6177  -  Run Bytes Sent By Job
	148574  -  Run Bytes Received By Job
	6177  -  Total Bytes Sent By Job
>>>>>>> 149523c2441e605d5ec26688ec85c752926eb8d0
	148574  -  Total Bytes Received By Job
	Partitionable Resources :    Usage  Request Allocated
	   Cpus                 :                 1         1
	   Disk (KB)            :      214      150  11341492
<<<<<<< HEAD
	   Memory (MB)          :       87     1000      4006
=======
	   Memory (MB)          :       85     1000      4006
>>>>>>> 149523c2441e605d5ec26688ec85c752926eb8d0
...
