000 (457537.000.000) 10/21 12:20:49 Job submitted from host: <129.93.239.166:9618?addrs=129.93.239.166-9618+[2600-900-6-1101-290-faff-feb8-f318]-9618&noUDP&sock=3702_9271_3>
...
001 (457537.000.000) 10/21 12:21:13 Job executing on host: <129.93.182.234:9618?addrs=129.93.182.234-9618+[2600-900-6-1102-d267-e5ff-fef9-1c59]-9618&alias=red-c1911.unl.edu&noUDP&sock=startd_31162_1e58_3>
...
006 (457537.000.000) 10/21 12:21:23 Image size of job updated: 86108
	85  -  MemoryUsage of job (MB)
	86108  -  ResidentSetSize of job (KB)
	87497  -  ProportionalSetSize of job (KB)
...
006 (457537.000.000) 10/21 12:21:53 Image size of job updated: 659868
	85  -  MemoryUsage of job (MB)
	86108  -  ResidentSetSize of job (KB)
	87497  -  ProportionalSetSize of job (KB)
...
005 (457537.000.000) 10/21 12:21:56 Job terminated.
	(1) Normal termination (return value 0)
		Usr 0 00:00:06, Sys 0 00:00:01  -  Run Remote Usage
		Usr 0 00:00:00, Sys 0 00:00:00  -  Run Local Usage
		Usr 0 00:00:06, Sys 0 00:00:01  -  Total Remote Usage
		Usr 0 00:00:00, Sys 0 00:00:00  -  Total Local Usage
	6206  -  Run Bytes Sent By Job
	148574  -  Run Bytes Received By Job
	6206  -  Total Bytes Sent By Job
	148574  -  Total Bytes Received By Job
	Partitionable Resources :    Usage  Request Allocated
	   Cpus                 :                 1         1
	   Disk (KB)            :      214      150  11341492
	   Memory (MB)          :       85     1000      4006
...
