<<<<<<< HEAD
000 (457544.000.000) 10/21 12:20:50 Job submitted from host: <129.93.239.166:9618?addrs=129.93.239.166-9618+[2600-900-6-1101-290-faff-feb8-f318]-9618&noUDP&sock=3702_9271_3>
...
001 (457544.000.000) 10/21 12:21:16 Job executing on host: <129.93.182.234:9618?addrs=129.93.182.234-9618+[2600-900-6-1102-d267-e5ff-fef9-1c59]-9618&alias=red-c1911.unl.edu&noUDP&sock=startd_31162_1e58_3>
...
006 (457544.000.000) 10/21 12:21:24 Image size of job updated: 86232
	85  -  MemoryUsage of job (MB)
	86232  -  ResidentSetSize of job (KB)
	87345  -  ProportionalSetSize of job (KB)
...
005 (457544.000.000) 10/21 12:21:59 Job terminated.
	(1) Normal termination (return value 0)
		Usr 0 00:00:06, Sys 0 00:00:02  -  Run Remote Usage
		Usr 0 00:00:00, Sys 0 00:00:00  -  Run Local Usage
		Usr 0 00:00:06, Sys 0 00:00:02  -  Total Remote Usage
		Usr 0 00:00:00, Sys 0 00:00:00  -  Total Local Usage
	6204  -  Run Bytes Sent By Job
	148574  -  Run Bytes Received By Job
	6204  -  Total Bytes Sent By Job
=======
000 (457479.000.000) 10/21 10:57:43 Job submitted from host: <129.93.239.166:9618?addrs=129.93.239.166-9618+[2600-900-6-1101-290-faff-feb8-f318]-9618&noUDP&sock=3702_9271_3>
...
001 (457479.000.000) 10/21 10:57:58 Job executing on host: <129.93.182.234:9618?addrs=129.93.182.234-9618+[2600-900-6-1102-d267-e5ff-fef9-1c59]-9618&alias=red-c1911.unl.edu&noUDP&sock=startd_31162_1e58_3>
...
006 (457479.000.000) 10/21 10:58:07 Image size of job updated: 89880
	85  -  MemoryUsage of job (MB)
	86448  -  ResidentSetSize of job (KB)
	92062  -  ProportionalSetSize of job (KB)
...
006 (457479.000.000) 10/21 10:58:36 Image size of job updated: 660032
	85  -  MemoryUsage of job (MB)
	86448  -  ResidentSetSize of job (KB)
	92062  -  ProportionalSetSize of job (KB)
...
005 (457479.000.000) 10/21 10:58:41 Job terminated.
	(1) Normal termination (return value 0)
		Usr 0 00:00:05, Sys 0 00:00:01  -  Run Remote Usage
		Usr 0 00:00:00, Sys 0 00:00:00  -  Run Local Usage
		Usr 0 00:00:05, Sys 0 00:00:01  -  Total Remote Usage
		Usr 0 00:00:00, Sys 0 00:00:00  -  Total Local Usage
	6174  -  Run Bytes Sent By Job
	148574  -  Run Bytes Received By Job
	6174  -  Total Bytes Sent By Job
>>>>>>> 149523c2441e605d5ec26688ec85c752926eb8d0
	148574  -  Total Bytes Received By Job
	Partitionable Resources :    Usage  Request Allocated
	   Cpus                 :                 1         1
	   Disk (KB)            :      214      150  11341492
	   Memory (MB)          :       85     1000      4006
...
